<?xml version="1.0" encoding="UTF-8" ?>
<!-- This is a WordPress eXtended RSS file generated by WordPress as an export of your site. -->
<!-- It contains information about your site's posts, pages, comments, categories, and other content. -->
<!-- You may use this file to transfer that content from one site to another. -->
<!-- This file is not intended to serve as a complete backup of your site. -->

<!-- To import this information into a WordPress site follow these steps: -->
<!-- 1. Log in to that site as an administrator. -->
<!-- 2. Go to Tools: Import in the WordPress admin panel. -->
<!-- 3. Install the "WordPress" importer from the list. -->
<!-- 4. Activate & Run Importer. -->
<!-- 5. Upload this file using the form provided on that page. -->
<!-- 6. You will first be asked to map the authors in this export file to users -->
<!--    on the site. For each author, you may choose to map to an -->
<!--    existing user on the site or to create a new user. -->
<!-- 7. WordPress will then import each of the posts, pages, comments, categories, etc. -->
<!--    contained in this file into your site. -->

<!-- generator="WordPress/5.3-beta2-46374" created="2019-10-06 11:11" -->
<rss version="2.0"
	xmlns:excerpt="http://wordpress.org/export/1.0/excerpt/"
	xmlns:content="http://purl.org/rss/1.0/modules/content/"
	xmlns:wfw="http://wellformedweb.org/CommentAPI/"
	xmlns:dc="http://purl.org/dc/elements/1.1/"
	xmlns:wp="http://wordpress.org/export/1.0/"
>
	<channel>
		<title>Test With Serialized Postmeta</title>
		<link>http://test.wordpress.org/</link>
		<description>Just another blog</description>
		<pubDate>Mon, 30 Nov 2009 21:35:27 +0000</pubDate>
		<generator>http://wordpress.org/?v=2.8.4</generator>
		<language>en</language>
		<wp:wxr_version>1.0</wp:wxr_version>
		<wp:base_site_url>http://test.wordpress.org/</wp:base_site_url>
		<wp:base_blog_url>http://test.wordpress.org/</wp:base_blog_url>
		<wp:category>
			<wp:term_id>1</wp:term_id>
			<wp:category_nicename><![CDATA[category]]></wp:category_nicename>
			<wp:category_parent />
			<wp:cat_name><![CDATA[category]]></wp:cat_name>
			<wp:termmeta>
				<wp:meta_key><![CDATA[string]]></wp:meta_key>
				<wp:meta_value><![CDATA[¯\_(ツ)_/¯]]></wp:meta_value>
			</wp:termmeta>
			<wp:termmeta>
				<wp:meta_key><![CDATA[array]]></wp:meta_key>
				<wp:meta_value><![CDATA[a:1:{s:3:"key";s:13:"¯\_(ツ)_/¯";}]]></wp:meta_value>
			</wp:termmeta>
		</wp:category>
		<wp:tag>
			<wp:term_id>2</wp:term_id>
			<wp:tag_slug><![CDATA[post_tag]]></wp:tag_slug>
			<wp:tag_name><![CDATA[post_tag]]></wp:tag_name>
			<wp:tag_description><![CDATA[¯\_(ツ)_/¯]]></wp:tag_description>
			<wp:termmeta>
				<wp:meta_key><![CDATA[string]]></wp:meta_key>
				<wp:meta_value><![CDATA[¯\_(ツ)_/¯]]></wp:meta_value>
			</wp:termmeta>
			<wp:termmeta>
				<wp:meta_key><![CDATA[array]]></wp:meta_key>
				<wp:meta_value><![CDATA[a:1:{s:3:"key";s:13:"¯\_(ツ)_/¯";}]]></wp:meta_value>
			</wp:termmeta>
		</wp:tag>
		<wp:term>
			<wp:term_id><![CDATA[3]]></wp:term_id>
			<wp:term_taxonomy><![CDATA[custom_taxonomy]]></wp:term_taxonomy>
			<wp:term_slug><![CDATA[custom_taxonomy]]></wp:term_slug>
			<wp:term_parent><![CDATA[]]></wp:term_parent>
			<wp:term_name><![CDATA[custom_taxonomy]]></wp:term_name>
			<wp:termmeta>
				<wp:meta_key><![CDATA[string]]></wp:meta_key>
				<wp:meta_value><![CDATA[¯\_(ツ)_/¯]]></wp:meta_value>
			</wp:termmeta>
			<wp:termmeta>
				<wp:meta_key><![CDATA[array]]></wp:meta_key>
				<wp:meta_value><![CDATA[a:1:{s:3:"key";s:13:"¯\_(ツ)_/¯";}]]></wp:meta_value>
			</wp:termmeta>
		</wp:term>
		<item>
			<title>My Entry with term meta</title>
			<link>http://test.wordpress.org/term-meta</link>
			<pubDate>Tue, 30 Nov 1999 00:00:00 +0000</pubDate>
			<dc:creator><![CDATA[admin]]></dc:creator>
			<category domain="post_tag" nicename="post_tag"><![CDATA[post_tag]]></category>
			<category domain="category" nicename="category"><![CDATA[category]]></category>
			<category domain="custom_taxonomy" nicename="custom_taxonomy"><![CDATA[custom_taxonomy]]></category>
			<guid isPermaLink="false">http://test.wordpress.org/term-meta</guid>
			<description />
			<content:encoded><![CDATA[This is my content]]></content:encoded>
			<excerpt:encoded />
			<wp:post_id>10</wp:post_id>
			<wp:post_date>2009-10-20 16:13:20</wp:post_date>
			<wp:post_date_gmt>0000-00-00 00:00:00</wp:post_date_gmt>
			<wp:comment_status>open</wp:comment_status>
			<wp:ping_status>open</wp:ping_status>
			<wp:post_name />
			<wp:status>draft</wp:status>
			<wp:post_parent>0</wp:post_parent>
			<wp:menu_order>0</wp:menu_order>
			<wp:post_type>post</wp:post_type>
			<wp:post_password />
		</item>
	</channel>
</rss>
